<?xml version="1.0" encoding="UTF-8"?>
<testsuite xmlns:xsi="http://www.w3.org/2001/XMLSchema-instance" xsi:noNamespaceSchemaLocation="https://maven.apache.org/surefire/maven-surefire-plugin/xsd/surefire-test-report-3.0.xsd" version="3.0" name="com.example.app.AuthControllerTest" time="9.99" tests="3" errors="0" skipped="0" failures="0">
  <properties>
[...]
</properties>
  <testcase name="testRegisterNewCandidate" classname="com.example.app.AuthControllerTest" time="1.145">
    <system-out><![CDATA[Standard Commons Logging discovery in action with spring-jcl: please remove commons-logging.jar from classpath in order to avoid potential conflicts
22:46:11.454 [main] INFO org.springframework.test.context.support.AnnotationConfigContextLoaderUtils -- Could not detect default configuration classes for test class [com.example.app.AuthControllerTest]: AuthControllerTest does not declare any static, non-private, non-final, nested classes annotated with @Configuration.
22:46:11.628 [main] INFO org.springframework.boot.test.context.SpringBootTestContextBootstrapper -- Found @SpringBootConfiguration com.example.app.RecruitmentApplication for test class com.example.app.AuthControllerTest

  .   ____          _            __ _ _
 /\\ / ___'_ __ _ _(_)_ __  __ _ \ \ \ \
( ( )\___ | '_ | '_| | '_ \/ _` | \ \ \ \
 \\/  ___)| |_)| | | | | || (_| |  ) ) ) )
  '  |____| .__|_| |_|_| |_\__, | / / / /
 =========|_|==============|___/=/_/_/_/

 :: Spring Boot ::                (v3.3.3)

2026-09-04T22:46:12.250+05:30  INFO 10132 --- [           main] com.example.app.AuthControllerTest       : Starting AuthControllerTest using Java 26.0.2 with PID 10132 (started by Rohit in c:\Users\Rohit\OneDrive\Desktop\Project 1 (AI Recruitment)\backend)
2026-09-04T22:46:12.252+05:30  INFO 10132 --- [           main] com.example.app.AuthControllerTest       : No active profile set, falling back to 1 default profile: "default"
2026-09-04T22:46:13.237+05:30  INFO 10132 --- [           main] .s.d.r.c.RepositoryConfigurationDelegate : Bootstrapping Spring Data JPA repositories in DEFAULT mode.
2026-09-04T22:46:13.358+05:30  INFO 10132 --- [           main] .s.d.r.c.RepositoryConfigurationDelegate : Finished Spring Data repository scanning in 107 ms. Found 12 JPA repository interfaces.
2026-09-04T22:46:14.167+05:30  INFO 10132 --- [           main] o.hibernate.jpa.internal.util.LogHelper  : HHH000204: Processing PersistenceUnitInfo [name: default]
2026-09-04T22:46:14.256+05:30  INFO 10132 --- [           main] org.hibernate.Version                    : HHH000412: Hibernate ORM core version 6.5.2.Final
2026-09-04T22:46:14.307+05:30  INFO 10132 --- [           main] o.h.c.internal.RegionFactoryInitiator    : HHH000026: Second-level cache disabled
2026-09-04T22:46:14.763+05:30  INFO 10132 --- [           main] o.s.o.j.p.SpringPersistenceUnitInfo      : No LoadTimeWeaver setup: ignoring JPA class transformer
2026-09-04T22:46:14.804+05:30  INFO 10132 --- [           main] com.zaxxer.hikari.HikariDataSource       : HikariPool-1 - Starting...
2026-09-04T22:46:15.047+05:30  INFO 10132 --- [           main] com.zaxxer.hikari.pool.HikariPool        : HikariPool-1 - Added connection org.postgresql.jdbc.PgConnection@30c01c37
2026-09-04T22:46:15.050+05:30  INFO 10132 --- [           main] com.zaxxer.hikari.HikariDataSource       : HikariPool-1 - Start completed.
2026-09-04T22:46:15.094+05:30  WARN 10132 --- [           main] org.hibernate.orm.deprecation            : HHH90000025: PostgreSQLDialect does not need to be specified explicitly using 'hibernate.dialect' (remove the property setting and it will be selected by default)
2026-09-04T22:46:16.658+05:30  INFO 10132 --- [           main] o.h.e.t.j.p.i.JtaPlatformInitiator       : HHH000489: No JTA platform available (set 'hibernate.transaction.jta.platform' to enable JTA platform integration)
Hibernate: 
    alter table if exists ai_reports 
       alter column insights set data type TEXT
Hibernate: 
    alter table if exists assessments 
       alter column details set data type TEXT
Hibernate: 
    alter table if exists interviews 
       alter column feedback set data type TEXT
Hibernate: 
    alter table if exists jobs 
       alter column description set data type TEXT
Hibernate: 
    alter table if exists resumes 
       alter column parsed_data set data type TEXT
2026-09-04T22:46:17.034+05:30  INFO 10132 --- [           main] j.LocalContainerEntityManagerFactoryBean : Initialized JPA EntityManagerFactory for persistence unit 'default'
2026-09-04T22:46:17.652+05:30  INFO 10132 --- [           main] eAuthenticationProviderManagerConfigurer : Global AuthenticationManager configured with AuthenticationProvider bean with name authenticationProvider
2026-09-04T22:46:17.653+05:30  WARN 10132 --- [           main] r$InitializeUserDetailsManagerConfigurer : Global AuthenticationManager configured with an AuthenticationProvider bean. UserDetailsService beans will not be used for username/password login. Consider removing the AuthenticationProvider bean. Alternatively, consider using the UserDetailsService in a manually instantiated DaoAuthenticationProvider.
2026-09-04T22:46:18.131+05:30  WARN 10132 --- [           main] JpaBaseConfiguration$JpaWebConfiguration : spring.jpa.open-in-view is enabled by default. Therefore, database queries may be performed during view rendering. Explicitly configure spring.jpa.open-in-view to disable this warning
2026-09-04T22:46:19.078+05:30  INFO 10132 --- [           main] o.s.b.t.m.w.SpringBootMockServletContext : Initializing Spring TestDispatcherServlet ''
2026-09-04T22:46:19.078+05:30  INFO 10132 --- [           main] o.s.t.web.servlet.TestDispatcherServlet  : Initializing Servlet ''
2026-09-04T22:46:19.080+05:30  INFO 10132 --- [           main] o.s.t.web.servlet.TestDispatcherServlet  : Completed initialization in 2 ms
2026-09-04T22:46:19.100+05:30  INFO 10132 --- [           main] com.example.app.AuthControllerTest       : Started AuthControllerTest in 7.237 seconds (process running for 8.714)
Hibernate: 
    select
        u1_0.id 
    from
        users u1_0 
    where
        u1_0.email=? 
    fetch
        first ? rows only
Hibernate: 
    select
        u1_0.id 
    from
        users u1_0 
    where
        u1_0.email=? 
    fetch
        first ? rows only
Hibernate: 
    select
        u1_0.id 
    from
        users u1_0 
    where
        u1_0.email=? 
    fetch
        first ? rows only
Hibernate: 
    select
        count(*) 
    from
        companies c1_0
Hibernate: 
    select
        u1_0.id 
    from
        users u1_0 
    where
        u1_0.email=? 
    fetch
        first ? rows only
Hibernate: 
    insert 
    into
        users
        (created_at, email, password, role) 
    values
        (?, ?, ?, ?) 
    returning id
Hibernate: 
    insert 
    into
        candidates
        (name, phone, user_id) 
    values
        (?, ?, ?) 
    returning id
]]></system-out>
    <system-err><![CDATA[WARNING: A Java agent has been loaded dynamically (C:\Users\Rohit\.m2\repository\net\bytebuddy\byte-buddy-agent\1.14.19\byte-buddy-agent-1.14.19.jar)
WARNING: If a serviceability tool is in use, please run with -XX:+EnableDynamicAgentLoading to hide this warning
WARNING: If a serviceability tool is not in use, please run with -Djdk.instrument.traceUsage for more information
WARNING: Dynamic loading of agents will be disallowed by default in a future release
]]></system-err>
  </testcase>
  <testcase name="testSeededAdminLoginSuccess" classname="com.example.app.AuthControllerTest" time="0.312">
    <system-out><![CDATA[Hibernate: 
    select
        u1_0.id,
        u1_0.created_at,
        u1_0.email,
        u1_0.password,
        u1_0.role 
    from
        users u1_0 
    where
        u1_0.email=?
Hibernate: 
    select
        c1_0.id,
        c1_0.name,
        c1_0.phone,
        c1_0.user_id,
        u1_0.id,
        u1_0.created_at,
        u1_0.email,
        u1_0.password,
        u1_0.role 
    from
        candidates c1_0 
    join
        users u1_0 
            on u1_0.id=c1_0.user_id 
    where
        c1_0.user_id=?
Hibernate: 
    select
        r1_0.id,
        c1_0.id,
        c1_0.industry,
        c1_0.name,
        r1_0.name,
        r1_0.phone,
        r1_0.user_id,
        u1_0.id,
        u1_0.created_at,
        u1_0.email,
        u1_0.password,
        u1_0.role 
    from
        recruiters r1_0 
    left join
        companies c1_0 
            on c1_0.id=r1_0.company_id 
    join
        users u1_0 
            on u1_0.id=r1_0.user_id 
    where
        r1_0.user_id=?
Hibernate: 
    select
        u1_0.id,
        u1_0.created_at,
        u1_0.email,
        u1_0.password,
        u1_0.role 
    from
        users u1_0 
    where
        u1_0.email=?
]]></system-out>
  </testcase>
  <testcase name="testLoginInvalidCredentials" classname="com.example.app.AuthControllerTest" time="0.127">
    <system-out><![CDATA[Hibernate: 
    select
        u1_0.id,
        u1_0.created_at,
        u1_0.email,
        u1_0.password,
        u1_0.role 
    from
        users u1_0 
    where
        u1_0.email=?
Hibernate: 
    select
        c1_0.id,
        c1_0.name,
        c1_0.phone,
        c1_0.user_id,
        u1_0.id,
        u1_0.created_at,
        u1_0.email,
        u1_0.password,
        u1_0.role 
    from
        candidates c1_0 
    join
        users u1_0 
            on u1_0.id=c1_0.user_id 
    where
        c1_0.user_id=?
Hibernate: 
    select
        r1_0.id,
        c1_0.id,
        c1_0.industry,
        c1_0.name,
        r1_0.name,
        r1_0.phone,
        r1_0.user_id,
        u1_0.id,
        u1_0.created_at,
        u1_0.email,
        u1_0.password,
        u1_0.role 
    from
        recruiters r1_0 
    left join
        companies c1_0 
            on c1_0.id=r1_0.company_id 
    join
        users u1_0 
            on u1_0.id=r1_0.user_id 
    where
        r1_0.user_id=?
]]></system-out>
  </testcase>
</testsuite>